###############################################################################
#
# IAR C/C++ Compiler V6.30.2.940/W32 for MSP430           07/Nov/2015  19:53:05
# Copyright 1996-2015 IAR Systems AB.
# Standalone license - IAR Embedded Workbench for Texas Instruments MSP430
#
#    __rt_version  =  3
#    __double_size =  32
#    __reg_r4      =  free
#    __reg_r5      =  free
#    __pic         =  no
#    __core        =  430X
#    __data_model  =  small
#    __code_model  =  large
#    Source file   =  I:\GitHub\xbb15132\Lab_2\main.c
#    Command line  =  
#        I:\GitHub\xbb15132\Lab_2\main.c -lcN
#        I:\GitHub\xbb15132\Lab_2\Debug\List\ -o
#        I:\GitHub\xbb15132\Lab_2\Debug\Obj\ --no_cse --no_unroll --no_inline
#        --no_code_motion --no_tbaa --debug -D__MSP430FR4133__ -e --double=32
#        --dlib_config E:\IAR-new\430\lib\dlib\dl430xlsfn.h -I
#        I:\GitHub\xbb15132\Lab_2\..\ -I
#        I:\GitHub\xbb15132\Lab_2\..\driverlib\MSP430FR2xx_4xx\ --core=430X
#        --data_model=small -Ol --hw_workaround=CPU40 --segment __data16=DATA16
#        --segment __data20=DATA20 --code_model=large
#    List file     =  I:\GitHub\xbb15132\Lab_2\Debug\List\main.lst
#    Object file   =  I:\GitHub\xbb15132\Lab_2\Debug\Obj\main.r43
#
###############################################################################

I:\GitHub\xbb15132\Lab_2\main.c
      1          /**************************************************
      2           * EE312 Lab 2
      3           *
      4           * Copyright 2015 University of Strathclyde
      5           *
      6           *
      7           **************************************************/
      8          #include <msp430.h>
      9          #include <driverlib.h>
     10          #include "LEDDriver.h"
     11          
     12          int main(void)
     13          {
     14            //Default MCLK = 1MHz
     15            
     16            unsigned int i = 0;
     17            unsigned char dialValue = 0x01;
     18            WDTCTL = WDTPW | WDTHOLD;               // Stop watchdog timer
     19          
     20            initialiseLedDial();
     21            
     22            // Disable the GPIO power-on default high-impedance mode
     23            // to activate previously configured port settings
     24            PMM_unlockLPM5();
     25          
     26            while(1)
     27            {
     28              
     29                dialValue = dialValue * 0x02;
     30                
     31                if(0x00 == dialValue)
     32                   dialValue = 0x01;
     33              
     34              //Set value
     35              setLedDial(dialValue);
     36              
     37              //Refresh display (10 times for each position)
     38              for(i = 0; i < 10; i++)
     39                refreshLedDial();
     40          
     41            }
     42          }

   Maximum stack usage in bytes:

   CSTACK Function
   ------ --------
      8   main
        8   -> PMM_unlockLPM5
        8   -> initialiseLedDial
        8   -> refreshLedDial
        8   -> setLedDial


   Segment part sizes:

   Bytes  Function/Label
   -----  --------------
       2  _A_WDTCTL_L
      52  main

 
 52 bytes in segment CODE
  2 bytes in segment DATA16_AN
 
 52 bytes of CODE memory
  0 bytes of DATA memory (+ 2 bytes shared)

Errors: none
Warnings: none
