###############################################################################
#
# IAR C/C++ Compiler V6.30.2.940/W32 for MSP430           19/Nov/2015  14:22:17
# Copyright 1996-2015 IAR Systems AB.
# Standalone license - IAR Embedded Workbench for Texas Instruments MSP430
#
#    __rt_version  =  3
#    __double_size =  32
#    __reg_r4      =  free
#    __reg_r5      =  free
#    __pic         =  no
#    __core        =  430X
#    __data_model  =  small
#    __code_model  =  large
#    Source file   =  I:\IAR\EE312\driverlib\MSP430FR2xx_4xx\wdt_a.c
#    Command line  =  
#        I:\IAR\EE312\driverlib\MSP430FR2xx_4xx\wdt_a.c -lcN
#        I:\IAR\EE312\Lab_3\Debug\List\ -o I:\IAR\EE312\Lab_3\Debug\Obj\
#        --no_cse --no_unroll --no_inline --no_code_motion --no_tbaa --debug
#        -D__MSP430FR4133__ -e --double=32 --dlib_config
#        E:\IAR-new\430\lib\dlib\dl430xlsfn.h -I I:\IAR\EE312\Lab_3\..\ -I
#        I:\IAR\EE312\Lab_3\..\driverlib\MSP430FR2xx_4xx\ --core=430X
#        --data_model=small -Ol --hw_workaround=CPU40 --segment __data16=DATA16
#        --segment __data20=DATA20 --code_model=large
#    List file     =  I:\IAR\EE312\Lab_3\Debug\List\wdt_a.lst
#    Object file   =  I:\IAR\EE312\Lab_3\Debug\Obj\wdt_a.r43
#
###############################################################################

I:\IAR\EE312\driverlib\MSP430FR2xx_4xx\wdt_a.c
      1          /* --COPYRIGHT--,BSD
      2           * Copyright (c) 2014, Texas Instruments Incorporated
      3           * All rights reserved.
      4           *
      5           * Redistribution and use in source and binary forms, with or without
      6           * modification, are permitted provided that the following conditions
      7           * are met:
      8           *
      9           * *  Redistributions of source code must retain the above copyright
     10           *    notice, this list of conditions and the following disclaimer.
     11           *
     12           * *  Redistributions in binary form must reproduce the above copyright
     13           *    notice, this list of conditions and the following disclaimer in the
     14           *    documentation and/or other materials provided with the distribution.
     15           *
     16           * *  Neither the name of Texas Instruments Incorporated nor the names of
     17           *    its contributors may be used to endorse or promote products derived
     18           *    from this software without specific prior written permission.
     19           *
     20           * THIS SOFTWARE IS PROVIDED BY THE COPYRIGHT HOLDERS AND CONTRIBUTORS "AS IS"
     21           * AND ANY EXPRESS OR IMPLIED WARRANTIES, INCLUDING, BUT NOT LIMITED TO,
     22           * THE IMPLIED WARRANTIES OF MERCHANTABILITY AND FITNESS FOR A PARTICULAR
     23           * PURPOSE ARE DISCLAIMED. IN NO EVENT SHALL THE COPYRIGHT OWNER OR
     24           * CONTRIBUTORS BE LIABLE FOR ANY DIRECT, INDIRECT, INCIDENTAL, SPECIAL,
     25           * EXEMPLARY, OR CONSEQUENTIAL DAMAGES (INCLUDING, BUT NOT LIMITED TO,
     26           * PROCUREMENT OF SUBSTITUTE GOODS OR SERVICES; LOSS OF USE, DATA, OR PROFITS;
     27           * OR BUSINESS INTERRUPTION) HOWEVER CAUSED AND ON ANY THEORY OF LIABILITY,
     28           * WHETHER IN CONTRACT, STRICT LIABILITY, OR TORT (INCLUDING NEGLIGENCE OR
     29           * OTHERWISE) ARISING IN ANY WAY OUT OF THE USE OF THIS SOFTWARE,
     30           * EVEN IF ADVISED OF THE POSSIBILITY OF SUCH DAMAGE.
     31           * --/COPYRIGHT--*/
     32          //*****************************************************************************
     33          //
     34          // wdt_a.c - Driver for the wdt_a Module.
     35          //
     36          //*****************************************************************************
     37          
     38          //*****************************************************************************
     39          //
     40          //! \addtogroup wdt_a_api wdt_a
     41          //! @{
     42          //
     43          //*****************************************************************************
     44          
     45          #include "inc/hw_regaccess.h"
     46          #include "inc/hw_memmap.h"
     47          
     48          #ifdef __MSP430_HAS_WDT_A__
     49          #include "wdt_a.h"
     50          
     51          #include <assert.h>
     52          
     53          void WDT_A_hold(uint16_t baseAddress)
     54          {
     55              // Set Hold bit
     56              uint8_t newWDTStatus =
     57                  ((HWREG16(baseAddress + OFS_WDTCTL) & 0x00FF) | WDTHOLD);
     58          
     59              HWREG16(baseAddress + OFS_WDTCTL) = WDTPW + newWDTStatus;
     60          }
     61          
     62          void WDT_A_start(uint16_t baseAddress)
     63          {
     64              // Reset Hold bit
     65              uint8_t newWDTStatus =
     66                  ((HWREG16(baseAddress + OFS_WDTCTL) & 0x00FF) & ~(WDTHOLD));
     67          
     68              HWREG16(baseAddress + OFS_WDTCTL) = WDTPW + newWDTStatus;
     69          }
     70          
     71          void WDT_A_resetTimer(uint16_t baseAddress)
     72          {
     73              // Set Counter Clear bit
     74              uint8_t newWDTStatus =
     75                  ((HWREG16(baseAddress + OFS_WDTCTL) & 0x00FF) | WDTCNTCL);
     76          
     77              HWREG16(baseAddress + OFS_WDTCTL) = WDTPW + newWDTStatus;
     78          }
     79          
     80          void WDT_A_initWatchdogTimer(uint16_t baseAddress,
     81                                       uint8_t clockSelect,
     82                                       uint8_t clockDivider)
     83          {
     84              HWREG16(baseAddress + OFS_WDTCTL) =
     85                  WDTPW + WDTCNTCL + WDTHOLD + clockSelect + clockDivider;
     86          }
     87          
     88          void WDT_A_initIntervalTimer(uint16_t baseAddress,
     89                                       uint8_t clockSelect,
     90                                       uint8_t clockDivider)
     91          {
     92              HWREG16(baseAddress + OFS_WDTCTL) =
     93                  WDTPW + WDTCNTCL + WDTHOLD + WDTTMSEL + clockSelect + clockDivider;
     94          }
     95          
     96          #endif
     97          //*****************************************************************************
     98          //
     99          //! Close the doxygen group for wdt_a_api
    100          //! @}
    101          //
    102          //*****************************************************************************

   Maximum stack usage in bytes:

   CSTACK Function
   ------ --------
      4   WDT_A_hold
      4   WDT_A_initIntervalTimer
      4   WDT_A_initWatchdogTimer
      4   WDT_A_resetTimer
      4   WDT_A_start


   Segment part sizes:

   Bytes  Function/Label
   -----  --------------
      28  WDT_A_hold
      20  WDT_A_initIntervalTimer
      20  WDT_A_initWatchdogTimer
      26  WDT_A_resetTimer
      28  WDT_A_start

 
 122 bytes in segment CODE
 
 122 bytes of CODE memory

Errors: none
Warnings: none
